Warning[207] /home/scott/MPLABXProjects/battleship.X/battleship.asm 179 : Found label after column 1. (NUMCHARS)
Warning[207] /home/scott/MPLABXProjects/battleship.X/battleship.asm 180 : Found label after column 1. (TMR1THRESH)
Warning[207] /home/scott/MPLABXProjects/battleship.X/battleship.asm 181 : Found label after column 1. (UPDN)
Warning[207] /home/scott/MPLABXProjects/battleship.X/battleship.asm 182 : Found label after column 1. (LFTRT)
Warning[207] /home/scott/MPLABXProjects/battleship.X/battleship.asm 183 : Found label after column 1. (DISPFRMTHRESH)
Warning[207] /home/scott/MPLABXProjects/battleship.X/battleship.asm 187 : Found label after column 1. (ydir)
Warning[207] /home/scott/MPLABXProjects/battleship.X/battleship.asm 188 : Found label after column 1. (ypos)
Warning[207] /home/scott/MPLABXProjects/battleship.X/battleship.asm 196 : Found label after column 1. (mdata)
Warning[207] /home/scott/MPLABXProjects/battleship.X/battleship.asm 197 : Found label after column 1. (mdata1)
Warning[207] /home/scott/MPLABXProjects/battleship.X/battleship.asm 198 : Found label after column 1. (state)
Warning[207] /home/scott/MPLABXProjects/battleship.X/battleship.asm 199 : Found label after column 1. (spitcount)
Warning[207] /home/scott/MPLABXProjects/battleship.X/battleship.asm 200 : Found label after column 1. (framecount)
Warning[207] /home/scott/MPLABXProjects/battleship.X/battleship.asm 201 : Found label after column 1. (shipsize)
Warning[207] /home/scott/MPLABXProjects/battleship.X/battleship.asm 202 : Found label after column 1. (direction)
Warning[207] /home/scott/MPLABXProjects/battleship.X/battleship.asm 203 : Found label after column 1. (byte1)
Warning[207] /home/scott/MPLABXProjects/battleship.X/battleship.asm 204 : Found label after column 1. (byte2)
Warning[207] /home/scott/MPLABXProjects/battleship.X/battleship.asm 205 : Found label after column 1. (byte3)
Warning[207] /home/scott/MPLABXProjects/battleship.X/battleship.asm 206 : Found label after column 1. (cursorx)
Warning[207] /home/scott/MPLABXProjects/battleship.X/battleship.asm 207 : Found label after column 1. (cursory)
Warning[207] /home/scott/MPLABXProjects/battleship.X/battleship.asm 208 : Found label after column 1. (cell)
Warning[207] /home/scott/MPLABXProjects/battleship.X/battleship.asm 209 : Found label after column 1. (mdone)
Warning[207] /home/scott/MPLABXProjects/battleship.X/battleship.asm 210 : Found label after column 1. (plyrmoveflag)
Warning[207] /home/scott/MPLABXProjects/battleship.X/battleship.asm 211 : Found label after column 1. (dispplyrships)
Warning[207] /home/scott/MPLABXProjects/battleship.X/battleship.asm 212 : Found label after column 1. (dispshipfrmcnt)
Warning[207] /home/scott/MPLABXProjects/battleship.X/battleship.asm 213 : Found label after column 1. (rand)
Warning[207] /home/scott/MPLABXProjects/battleship.X/battleship.asm 214 : Found label after column 1. (randmod)
Warning[207] /home/scott/MPLABXProjects/battleship.X/battleship.asm 215 : Found label after column 1. (x)
Warning[207] /home/scott/MPLABXProjects/battleship.X/battleship.asm 216 : Found label after column 1. (y)
Warning[207] /home/scott/MPLABXProjects/battleship.X/battleship.asm 217 : Found label after column 1. (clroffsetcnt)
Warning[207] /home/scott/MPLABXProjects/battleship.X/battleship.asm 218 : Found label after column 1. (udoffsetcnt)
Warning[207] /home/scott/MPLABXProjects/battleship.X/battleship.asm 219 : Found label after column 1. (mbutton)
Warning[207] /home/scott/MPLABXProjects/battleship.X/battleship.asm 220 : Found label after column 1. (messagepointer)
Warning[207] /home/scott/MPLABXProjects/battleship.X/battleship.asm 221 : Found label after column 1. (tmp)
Warning[207] /home/scott/MPLABXProjects/battleship.X/battleship.asm 222 : Found label after column 1. (dutycycle)
Warning[207] /home/scott/MPLABXProjects/battleship.X/battleship.asm 223 : Found label after column 1. (amplitude)
Warning[207] /home/scott/MPLABXProjects/battleship.X/battleship.asm 226 : Found label after column 1. (bank2)
Warning[207] /home/scott/MPLABXProjects/battleship.X/battleship.asm 227 : Found label after column 1. (compships)
Warning[207] /home/scott/MPLABXProjects/battleship.X/battleship.asm 228 : Found label after column 1. (playerships)
Warning[207] /home/scott/MPLABXProjects/battleship.X/battleship.asm 229 : Found label after column 1. (arrpointer)
Warning[203] /home/scott/MPLABXProjects/battleship.X/battleship.asm 235 : Found opcode in column 1. (GOTO)
Warning[207] /home/scott/MPLABXProjects/battleship.X/battleship.asm 1975 : Found label after column 1. (random)
Warning[205] /home/scott/MPLABXProjects/battleship.X/battleship.asm 2199 : Found directive in column 1. (CODE)
